<?xml version="1.0" encoding="UTF-8"?>
<testsuite name="El usuario quiere hacer una busqueda con datos" tests="3" skipped="0" failures="1" errors="0" timestamp="2019-04-03T01:01:05" hostname="LAPTOP-L2D6D9IH" time="59.081">
  <properties/>
  <testcase name="buscar en google" classname="El usuario quiere hacer una busqueda con datos" time="17.238"/>
  <testcase name="buscar en google" classname="El usuario quiere hacer una busqueda con datos" time="9.434"/>
  <testcase name="buscar en google" classname="El usuario quiere hacer una busqueda con datos" time="32.404">
    <failure message="java.lang.AssertionError: &#10;Expected: is &quot;kjadshkjashdkjhaskjd&quot;&#10;     but: was &quot;hola tres&quot;" type="java.lang.AssertionError">java.lang.AssertionError: 
Expected: is &quot;kjadshkjashdkjhaskjd&quot;
     but: was &quot;hola tres&quot;
	at net.serenitybdd.screenplay.ErrorTally.throwSummaryExceptionFrom(ErrorTally.java:36)
	at net.serenitybdd.screenplay.ErrorTally.reportAnyErrors(ErrorTally.java:30)
	at net.serenitybdd.screenplay.Actor.should(Actor.java:291)
	at co.com.google.qa.miprimerscreemplay.stepsdefinitions.BusquedaEnGoogoleStepDefinition.el_usuario_verifica_que_la_palabra_este_en_los_resultados(BusquedaEnGoogoleStepDefinition.java:53)
	at ✽.el usuario verifica que la palabra &quot;kjadshkjashdkjhaskjd&quot; este en los resultados(src/test/resources/features/BusquedaEnGoogle.feature:11)
</failure>
  </testcase>
  <system-out><![CDATA[










































]]></system-out>
  <system-err><![CDATA[abr 02, 2019 8:01:06 PM org.openqa.selenium.remote.DesiredCapabilities chrome
INFORMACIÓN: Using `new ChromeOptions()` is preferred to `DesiredCapabilities.chrome()`
Starting ChromeDriver 2.35.528161 (5b82f2d2aae0ca24b877009200ced9065a772e73) on port 40477
Only local connections are allowed.
abr 02, 2019 8:01:11 PM org.openqa.selenium.remote.ProtocolHandshake createSession
INFORMACIÓN: Detected dialect: OSS
abr 02, 2019 8:01:22 PM org.openqa.selenium.remote.DesiredCapabilities chrome
INFORMACIÓN: Using `new ChromeOptions()` is preferred to `DesiredCapabilities.chrome()`
abr 02, 2019 8:01:24 PM org.openqa.selenium.remote.ProtocolHandshake createSession
INFORMACIÓN: Detected dialect: OSS
abr 02, 2019 8:01:31 PM org.openqa.selenium.remote.DesiredCapabilities chrome
INFORMACIÓN: Using `new ChromeOptions()` is preferred to `DesiredCapabilities.chrome()`
abr 02, 2019 8:01:34 PM org.openqa.selenium.remote.ProtocolHandshake createSession
INFORMACIÓN: Detected dialect: OSS
]]></system-err>
</testsuite>
